Sep-21 12:13:29.326 [main] DEBUG nextflow.cli.Launcher - $> nextflow run main.nf -resume -profile slurm,singularity -c conf/test.config
Sep-21 12:13:29.423 [main] INFO  nextflow.cli.CmdRun - N E X T F L O W  ~  version 22.04.0
Sep-21 12:13:29.914 [main] DEBUG nextflow.config.ConfigBuilder - Found config local: /gpfs3/users/todd/zor420/HLA-SAIGE-analysis/nextflow.config
Sep-21 12:13:29.918 [main] DEBUG nextflow.config.ConfigBuilder - User config file: /gpfs3/users/todd/zor420/HLA-SAIGE-analysis/conf/test.config
Sep-21 12:13:29.918 [main] DEBUG nextflow.config.ConfigBuilder - Parsing config file: /gpfs3/users/todd/zor420/HLA-SAIGE-analysis/nextflow.config
Sep-21 12:13:29.918 [main] DEBUG nextflow.config.ConfigBuilder - Parsing config file: /gpfs3/users/todd/zor420/HLA-SAIGE-analysis/conf/test.config
Sep-21 12:13:29.942 [main] DEBUG nextflow.config.ConfigBuilder - Applying config profile: `slurm,singularity`
Sep-21 12:13:31.046 [main] DEBUG nextflow.config.ConfigBuilder - Applying config profile: `slurm,singularity`
Sep-21 12:13:31.081 [main] DEBUG nextflow.config.ConfigBuilder - Available config profiles: [standard, slurm, debug, conda, singularity]
Sep-21 12:13:31.148 [main] INFO  nextflow.cli.CmdRun - Launching `main.nf` [loving_kilby] DSL2 - revision: 061a8dc1a5
Sep-21 12:13:31.165 [main] DEBUG nextflow.plugin.PluginsFacade - Setting up plugin manager > mode=prod; plugins-dir=/users/todd/zor420/.nextflow/plugins; core-plugins: nf-amazon@1.7.1,nf-azure@0.13.1,nf-console@1.0.3,nf-ga4gh@1.0.3,nf-google@1.1.4,nf-sqldb@0.4.0,nf-tower@1.4.0
Sep-21 12:13:31.168 [main] DEBUG nextflow.plugin.PluginsFacade - Plugins default=[]
Sep-21 12:13:31.183 [main] INFO  org.pf4j.DefaultPluginStatusProvider - Enabled plugins: []
Sep-21 12:13:31.184 [main] INFO  org.pf4j.DefaultPluginStatusProvider - Disabled plugins: []
Sep-21 12:13:31.190 [main] INFO  org.pf4j.DefaultPluginManager - PF4J version 3.4.1 in 'deployment' mode
Sep-21 12:13:31.201 [main] INFO  org.pf4j.AbstractPluginManager - No plugins
Sep-21 12:13:31.265 [main] DEBUG nextflow.Session - Session uuid: a9e7b142-4df5-4523-adf2-03a47dbab3b1
Sep-21 12:13:31.265 [main] DEBUG nextflow.Session - Run name: loving_kilby
Sep-21 12:13:31.266 [main] DEBUG nextflow.Session - Executor pool size: 24
Sep-21 12:13:31.311 [main] DEBUG nextflow.cli.CmdRun - 
  Version: 22.04.0 build 5697
  Created: 23-04-2022 18:00 UTC (19:00 BST)
  System: Linux 3.10.0-1160.95.1.el7.x86_64
  Runtime: Groovy 3.0.10 on OpenJDK 64-Bit Server VM 11.0.2+9
  Encoding: UTF-8 (ANSI_X3.4-1968)
  Process: 247686@rescomp1.hpc.in.bmrc.ox.ac.uk [10.136.1.241]
  CPUs: 24 - Mem: 376.5 GB (189 GB) - Swap: 32 GB (31.5 GB)
Sep-21 12:13:31.379 [main] DEBUG nextflow.Session - Work-dir: /gpfs3/users/todd/zor420/HLA-SAIGE-analysis/work [gpfs]
Sep-21 12:13:31.379 [main] DEBUG nextflow.Session - Script base path does not exist or is not a directory: /gpfs3/users/todd/zor420/HLA-SAIGE-analysis/bin
Sep-21 12:13:31.389 [main] DEBUG nextflow.executor.ExecutorFactory - Extension executors providers=[]
Sep-21 12:13:31.401 [main] DEBUG nextflow.Session - Observer factory: DefaultObserverFactory
Sep-21 12:13:31.451 [main] DEBUG nextflow.cache.CacheFactory - Using Nextflow cache factory: nextflow.cache.DefaultCacheFactory
Sep-21 12:13:31.465 [main] DEBUG nextflow.util.CustomThreadPool - Creating default thread pool > poolSize: 25; maxThreads: 1000
Sep-21 12:13:31.629 [main] DEBUG nextflow.Session - Session start invoked
Sep-21 12:13:31.635 [main] DEBUG nextflow.trace.TraceFileObserver - Flow starting -- trace file: /gpfs3/users/todd/zor420/HLA-SAIGE-analysis/output/pipeline_info/execution_trace.txt
Sep-21 12:13:32.195 [main] DEBUG nextflow.script.ScriptRunner - > Launching execution
Sep-21 12:13:32.369 [main] DEBUG nextflow.script.ProcessConfig - Config settings `withLabel:bigmem` matches labels `bigmem` for process with name saige_logistic_whole_1
Sep-21 12:13:32.376 [main] DEBUG nextflow.executor.ExecutorFactory - << taskConfig executor: slurm
Sep-21 12:13:32.378 [main] DEBUG nextflow.executor.ExecutorFactory - >> processorType: 'slurm'
Sep-21 12:13:32.387 [main] DEBUG nextflow.executor.Executor - [warm up] executor > slurm
Sep-21 12:13:32.394 [main] DEBUG n.processor.TaskPollingMonitor - Creating task monitor for executor 'slurm' > capacity: 100; pollInterval: 5s; dumpInterval: 5m 
Sep-21 12:13:32.397 [main] DEBUG n.executor.AbstractGridExecutor - Creating executor 'slurm' > queue-stat-interval: 1m
Sep-21 12:13:32.468 [main] DEBUG nextflow.script.ProcessConfig - Config settings `withLabel:bigmem` matches labels `bigmem` for process with name saige_logistic_whole_2
Sep-21 12:13:32.469 [main] DEBUG nextflow.executor.ExecutorFactory - << taskConfig executor: slurm
Sep-21 12:13:32.469 [main] DEBUG nextflow.executor.ExecutorFactory - >> processorType: 'slurm'
Sep-21 12:13:32.473 [main] DEBUG nextflow.Session - Workflow process names [dsl2]: saige_logistic_whole_1, saige_logistic_whole_2, saige_logistic_1, saige_logistic_2
Sep-21 12:13:32.474 [main] DEBUG nextflow.Session - Ignite dataflow network (6)
Sep-21 12:13:32.475 [main] DEBUG nextflow.processor.TaskProcessor - Starting process > saige_logistic_whole_1
Sep-21 12:13:32.489 [main] DEBUG nextflow.processor.TaskProcessor - Starting process > saige_logistic_whole_2
Sep-21 12:13:32.490 [main] DEBUG nextflow.script.ScriptRunner - > Await termination 
Sep-21 12:13:32.490 [main] DEBUG nextflow.Session - Session await
Sep-21 12:13:32.756 [Task submitter] DEBUG nextflow.executor.GridTaskHandler - [SLURM] submitted process saige_logistic_whole_1 (Run logistic regression on UKB_null) > jobId: 28517428; workDir: /gpfs3/users/todd/zor420/HLA-SAIGE-analysis/work/b4/f69bb4154730f6cefc273781fed681
Sep-21 12:13:32.757 [Task submitter] INFO  nextflow.Session - [b4/f69bb4] Submitted process > saige_logistic_whole_1 (Run logistic regression on UKB_null)
Sep-21 12:18:37.410 [Task monitor] DEBUG n.processor.TaskPollingMonitor - !! executor slurm > tasks to be completed: 1 -- submitted tasks are shown below
~> TaskHandler[jobId: 28517428; id: 1; name: saige_logistic_whole_1 (Run logistic regression on UKB_null); status: RUNNING; exit: -; error: -; workDir: /gpfs3/users/todd/zor420/HLA-SAIGE-analysis/work/b4/f69bb4154730f6cefc273781fed681 started: 1695294832407; exited: -; ]
Sep-21 12:23:37.420 [Task monitor] DEBUG n.processor.TaskPollingMonitor - !! executor slurm > tasks to be completed: 1 -- submitted tasks are shown below
~> TaskHandler[jobId: 28517428; id: 1; name: saige_logistic_whole_1 (Run logistic regression on UKB_null); status: RUNNING; exit: -; error: -; workDir: /gpfs3/users/todd/zor420/HLA-SAIGE-analysis/work/b4/f69bb4154730f6cefc273781fed681 started: 1695294832407; exited: -; ]
Sep-21 12:28:37.431 [Task monitor] DEBUG n.processor.TaskPollingMonitor - !! executor slurm > tasks to be completed: 1 -- submitted tasks are shown below
~> TaskHandler[jobId: 28517428; id: 1; name: saige_logistic_whole_1 (Run logistic regression on UKB_null); status: RUNNING; exit: -; error: -; workDir: /gpfs3/users/todd/zor420/HLA-SAIGE-analysis/work/b4/f69bb4154730f6cefc273781fed681 started: 1695294832407; exited: -; ]
Sep-21 12:33:37.437 [Task monitor] DEBUG n.processor.TaskPollingMonitor - !! executor slurm > tasks to be completed: 1 -- submitted tasks are shown below
~> TaskHandler[jobId: 28517428; id: 1; name: saige_logistic_whole_1 (Run logistic regression on UKB_null); status: RUNNING; exit: -; error: -; workDir: /gpfs3/users/todd/zor420/HLA-SAIGE-analysis/work/b4/f69bb4154730f6cefc273781fed681 started: 1695294832407; exited: -; ]
Sep-21 12:38:32.457 [Task monitor] DEBUG n.processor.TaskPollingMonitor - Task completed > TaskHandler[jobId: 28517428; id: 1; name: saige_logistic_whole_1 (Run logistic regression on UKB_null); status: COMPLETED; exit: 0; error: -; workDir: /gpfs3/users/todd/zor420/HLA-SAIGE-analysis/work/b4/f69bb4154730f6cefc273781fed681 started: 1695294832407; exited: 2023-09-21T11:38:27.884724Z; ]
Sep-21 12:38:32.483 [Task monitor] DEBUG nextflow.util.ThreadPoolBuilder - Creating thread pool 'FileTransfer' minSize=4; maxSize=4; workQueue=LinkedBlockingQueue[10000]; allowCoreThreadTimeout=false
Sep-21 12:38:32.545 [Task submitter] DEBUG nextflow.executor.GridTaskHandler - [SLURM] submitted process saige_logistic_whole_2 (Run logistic regression on UKB_null) > jobId: 28518255; workDir: /gpfs3/users/todd/zor420/HLA-SAIGE-analysis/work/18/d6cd63189e65bbca363c8894374af9
Sep-21 12:38:32.546 [Task submitter] INFO  nextflow.Session - [18/d6cd63] Submitted process > saige_logistic_whole_2 (Run logistic regression on UKB_null)
Sep-21 12:38:37.451 [Task monitor] DEBUG n.processor.TaskPollingMonitor - !! executor slurm > tasks to be completed: 1 -- submitted tasks are shown below
~> TaskHandler[jobId: 28518255; id: 2; name: saige_logistic_whole_2 (Run logistic regression on UKB_null); status: SUBMITTED; exit: -; error: -; workDir: /gpfs3/users/todd/zor420/HLA-SAIGE-analysis/work/18/d6cd63189e65bbca363c8894374af9 started: -; exited: -; ]
Sep-21 12:43:37.459 [Task monitor] DEBUG n.processor.TaskPollingMonitor - !! executor slurm > tasks to be completed: 1 -- submitted tasks are shown below
~> TaskHandler[jobId: 28518255; id: 2; name: saige_logistic_whole_2 (Run logistic regression on UKB_null); status: RUNNING; exit: -; error: -; workDir: /gpfs3/users/todd/zor420/HLA-SAIGE-analysis/work/18/d6cd63189e65bbca363c8894374af9 started: 1695296337454; exited: -; ]
Sep-21 12:48:37.466 [Task monitor] DEBUG n.processor.TaskPollingMonitor - !! executor slurm > tasks to be completed: 1 -- submitted tasks are shown below
~> TaskHandler[jobId: 28518255; id: 2; name: saige_logistic_whole_2 (Run logistic regression on UKB_null); status: RUNNING; exit: -; error: -; workDir: /gpfs3/users/todd/zor420/HLA-SAIGE-analysis/work/18/d6cd63189e65bbca363c8894374af9 started: 1695296337454; exited: -; ]
Sep-21 12:53:37.477 [Task monitor] DEBUG n.processor.TaskPollingMonitor - !! executor slurm > tasks to be completed: 1 -- submitted tasks are shown below
~> TaskHandler[jobId: 28518255; id: 2; name: saige_logistic_whole_2 (Run logistic regression on UKB_null); status: RUNNING; exit: -; error: -; workDir: /gpfs3/users/todd/zor420/HLA-SAIGE-analysis/work/18/d6cd63189e65bbca363c8894374af9 started: 1695296337454; exited: -; ]
Sep-21 12:55:22.486 [Task monitor] DEBUG n.processor.TaskPollingMonitor - Task completed > TaskHandler[jobId: 28518255; id: 2; name: saige_logistic_whole_2 (Run logistic regression on UKB_null); status: COMPLETED; exit: 0; error: -; workDir: /gpfs3/users/todd/zor420/HLA-SAIGE-analysis/work/18/d6cd63189e65bbca363c8894374af9 started: 1695296337454; exited: 2023-09-21T11:55:21.1474Z; ]
Sep-21 12:55:22.495 [main] DEBUG nextflow.Session - Session await > all process finished
Sep-21 12:55:22.501 [main] DEBUG nextflow.Session - Session await > all barriers passed
Sep-21 12:55:22.524 [main] DEBUG nextflow.trace.WorkflowStatsObserver - Workflow completed > WorkflowStats[succeededCount=2; failedCount=0; ignoredCount=0; cachedCount=0; pendingCount=0; submittedCount=0; runningCount=0; retriesCount=0; abortedCount=0; succeedDuration=6h 6m 45s; failedDuration=0ms; cachedDuration=0ms;loadCpus=0; loadMemory=0; peakRunning=1; peakCpus=9; peakMemory=120 GB; ]
Sep-21 12:55:22.524 [main] DEBUG nextflow.trace.TraceFileObserver - Flow completing -- flushing trace file
Sep-21 12:55:22.530 [main] DEBUG nextflow.trace.ReportObserver - Flow completing -- rendering html report
Sep-21 12:55:22.575 [main] DEBUG nextflow.trace.ReportObserver - Execution report summary data:
  [{"cpuUsage":{"mean":91.87,"min":91.87,"q1":91.87,"q2":91.87,"q3":91.87,"max":91.87,"minLabel":"saige_logistic_whole_1 (Run logistic regression on UKB_null)","maxLabel":"saige_logistic_whole_1 (Run logistic regression on UKB_null)","q1Label":"saige_logistic_whole_1 (Run logistic regression on UKB_null)","q2Label":"saige_logistic_whole_1 (Run logistic regression on UKB_null)","q3Label":"saige_logistic_whole_1 (Run logistic regression on UKB_null)"},"process":"saige_logistic_whole_1","mem":{"mean":975933440,"min":975933440,"q1":975933440,"q2":975933440,"q3":975933440,"max":975933440,"minLabel":"saige_logistic_whole_1 (Run logistic regression on UKB_null)","maxLabel":"saige_logistic_whole_1 (Run logistic regression on UKB_null)","q1Label":"saige_logistic_whole_1 (Run logistic regression on UKB_null)","q2Label":"saige_logistic_whole_1 (Run logistic regression on UKB_null)","q3Label":"saige_logistic_whole_1 (Run logistic regression on UKB_null)"},"memUsage":{"mean":0.76,"min":0.76,"q1":0.76,"q2":0.76,"q3":0.76,"max":0.76,"minLabel":"saige_logistic_whole_1 (Run logistic regression on UKB_null)","maxLabel":"saige_logistic_whole_1 (Run logistic regression on UKB_null)","q1Label":"saige_logistic_whole_1 (Run logistic regression on UKB_null)","q2Label":"saige_logistic_whole_1 (Run logistic regression on UKB_null)","q3Label":"saige_logistic_whole_1 (Run logistic regression on UKB_null)"},"timeUsage":{"mean":1.69,"min":1.69,"q1":1.69,"q2":1.69,"q3":1.69,"max":1.69,"minLabel":"saige_logistic_whole_1 (Run logistic regression on UKB_null)","maxLabel":"saige_logistic_whole_1 (Run logistic regression on UKB_null)","q1Label":"saige_logistic_whole_1 (Run logistic regression on UKB_null)","q2Label":"saige_logistic_whole_1 (Run logistic regression on UKB_null)","q3Label":"saige_logistic_whole_1 (Run logistic regression on UKB_null)"},"vmem":{"mean":1654919168,"min":1654919168,"q1":1654919168,"q2":1654919168,"q3":1654919168,"max":1654919168,"minLabel":"saige_logistic_whole_1 (Run logistic regression on UKB_null)","maxLabel":"saige_logistic_whole_1 (Run logistic regression on UKB_null)","q1Label":"saige_logistic_whole_1 (Run logistic regression on UKB_null)","q2Label":"saige_logistic_whole_1 (Run logistic regression on UKB_null)","q3Label":"saige_logistic_whole_1 (Run logistic regression on UKB_null)"},"reads":{"mean":1995424315,"min":1995424315,"q1":1995424315,"q2":1995424315,"q3":1995424315,"max":1995424315,"minLabel":"saige_logistic_whole_1 (Run logistic regression on UKB_null)","maxLabel":"saige_logistic_whole_1 (Run logistic regression on UKB_null)","q1Label":"saige_logistic_whole_1 (Run logistic regression on UKB_null)","q2Label":"saige_logistic_whole_1 (Run logistic regression on UKB_null)","q3Label":"saige_logistic_whole_1 (Run logistic regression on UKB_null)"},"cpu":{"mean":826.8,"min":826.8,"q1":826.8,"q2":826.8,"q3":826.8,"max":826.8,"minLabel":"saige_logistic_whole_1 (Run logistic regression on UKB_null)","maxLabel":"saige_logistic_whole_1 (Run logistic regression on UKB_null)","q1Label":"saige_logistic_whole_1 (Run logistic regression on UKB_null)","q2Label":"saige_logistic_whole_1 (Run logistic regression on UKB_null)","q3Label":"saige_logistic_whole_1 (Run logistic regression on UKB_null)"},"time":{"mean":1459567,"min":1459567,"q1":1459567,"q2":1459567,"q3":1459567,"max":1459567,"minLabel":"saige_logistic_whole_1 (Run logistic regression on UKB_null)","maxLabel":"saige_logistic_whole_1 (Run logistic regression on UKB_null)","q1Label":"saige_logistic_whole_1 (Run logistic regression on UKB_null)","q2Label":"saige_logistic_whole_1 (Run logistic regression on UKB_null)","q3Label":"saige_logistic_whole_1 (Run logistic regression on UKB_null)"},"writes":{"mean":6609532,"min":6609532,"q1":6609532,"q2":6609532,"q3":6609532,"max":6609532,"minLabel":"saige_logistic_whole_1 (Run logistic regression on UKB_null)","maxLabel":"saige_logistic_whole_1 (Run logistic regression on UKB_null)","q1Label":"saige_logistic_whole_1 (Run logistic regression on UKB_null)","q2Label":"saige_logistic_whole_1 (Run logistic regression on UKB_null)","q3Label":"saige_logistic_whole_1 (Run logistic regression on UKB_null)"}},{"cpuUsage":{"mean":11.09,"min":11.09,"q1":11.09,"q2":11.09,"q3":11.09,"max":11.09,"minLabel":"saige_logistic_whole_2 (Run logistic regression on UKB_null)","maxLabel":"saige_logistic_whole_2 (Run logistic regression on UKB_null)","q1Label":"saige_logistic_whole_2 (Run logistic regression on UKB_null)","q2Label":"saige_logistic_whole_2 (Run logistic regression on UKB_null)","q3Label":"saige_logistic_whole_2 (Run logistic regression on UKB_null)"},"process":"saige_logistic_whole_2","mem":{"mean":419344384,"min":419344384,"q1":419344384,"q2":419344384,"q3":419344384,"max":419344384,"minLabel":"saige_logistic_whole_2 (Run logistic regression on UKB_null)","maxLabel":"saige_logistic_whole_2 (Run logistic regression on UKB_null)","q1Label":"saige_logistic_whole_2 (Run logistic regression on UKB_null)","q2Label":"saige_logistic_whole_2 (Run logistic regression on UKB_null)","q3Label":"saige_logistic_whole_2 (Run logistic regression on UKB_null)"},"memUsage":{"mean":0.33,"min":0.33,"q1":0.33,"q2":0.33,"q3":0.33,"max":0.33,"minLabel":"saige_logistic_whole_2 (Run logistic regression on UKB_null)","maxLabel":"saige_logistic_whole_2 (Run logistic regression on UKB_null)","q1Label":"saige_logistic_whole_2 (Run logistic regression on UKB_null)","q2Label":"saige_logistic_whole_2 (Run logistic regression on UKB_null)","q3Label":"saige_logistic_whole_2 (Run logistic regression on UKB_null)"},"timeUsage":{"mean":1.14,"min":1.14,"q1":1.14,"q2":1.14,"q3":1.14,"max":1.14,"minLabel":"saige_logistic_whole_2 (Run logistic regression on UKB_null)","maxLabel":"saige_logistic_whole_2 (Run logistic regression on UKB_null)","q1Label":"saige_logistic_whole_2 (Run logistic regression on UKB_null)","q2Label":"saige_logistic_whole_2 (Run logistic regression on UKB_null)","q3Label":"saige_logistic_whole_2 (Run logistic regression on UKB_null)"},"vmem":{"mean":568659968,"min":568659968,"q1":568659968,"q2":568659968,"q3":568659968,"max":568659968,"minLabel":"saige_logistic_whole_2 (Run logistic regression on UKB_null)","maxLabel":"saige_logistic_whole_2 (Run logistic regression on UKB_null)","q1Label":"saige_logistic_whole_2 (Run logistic regression on UKB_null)","q2Label":"saige_logistic_whole_2 (Run logistic regression on UKB_null)","q3Label":"saige_logistic_whole_2 (Run logistic regression on UKB_null)"},"reads":{"mean":1913573746,"min":1913573746,"q1":1913573746,"q2":1913573746,"q3":1913573746,"max":1913573746,"minLabel":"saige_logistic_whole_2 (Run logistic regression on UKB_null)","maxLabel":"saige_logistic_whole_2 (Run logistic regression on UKB_null)","q1Label":"saige_logistic_whole_2 (Run logistic regression on UKB_null)","q2Label":"saige_logistic_whole_2 (Run logistic regression on UKB_null)","q3Label":"saige_logistic_whole_2 (Run logistic regression on UKB_null)"},"cpu":{"mean":99.8,"min":99.8,"q1":99.8,"q2":99.8,"q3":99.8,"max":99.8,"minLabel":"saige_logistic_whole_2 (Run logistic regression on UKB_null)","maxLabel":"saige_logistic_whole_2 (Run logistic regression on UKB_null)","q1Label":"saige_logistic_whole_2 (Run logistic regression on UKB_null)","q2Label":"saige_logistic_whole_2 (Run logistic regression on UKB_null)","q3Label":"saige_logistic_whole_2 (Run logistic regression on UKB_null)"},"time":{"mean":985398,"min":985398,"q1":985398,"q2":985398,"q3":985398,"max":985398,"minLabel":"saige_logistic_whole_2 (Run logistic regression on UKB_null)","maxLabel":"saige_logistic_whole_2 (Run logistic regression on UKB_null)","q1Label":"saige_logistic_whole_2 (Run logistic regression on UKB_null)","q2Label":"saige_logistic_whole_2 (Run logistic regression on UKB_null)","q3Label":"saige_logistic_whole_2 (Run logistic regression on UKB_null)"},"writes":{"mean":2782561,"min":2782561,"q1":2782561,"q2":2782561,"q3":2782561,"max":2782561,"minLabel":"saige_logistic_whole_2 (Run logistic regression on UKB_null)","maxLabel":"saige_logistic_whole_2 (Run logistic regression on UKB_null)","q1Label":"saige_logistic_whole_2 (Run logistic regression on UKB_null)","q2Label":"saige_logistic_whole_2 (Run logistic regression on UKB_null)","q3Label":"saige_logistic_whole_2 (Run logistic regression on UKB_null)"}}]
Sep-21 12:55:23.321 [main] DEBUG nextflow.trace.TimelineObserver - Flow completing -- rendering html timeline
Sep-21 12:55:23.631 [main] DEBUG nextflow.cache.CacheDB - Closing CacheDB done
Sep-21 12:55:23.641 [main] DEBUG nextflow.script.ScriptRunner - > Execution complete -- Goodbye
