INFO:    Environment variable SINGULARITYENV_TMP is set, but APPTAINERENV_TMP is preferred
INFO:    Environment variable SINGULARITYENV_TMPDIR is set, but APPTAINERENV_TMPDIR is preferred
INFO:    Environment variable SINGULARITYENV_NXF_DEBUG is set, but APPTAINERENV_NXF_DEBUG is preferred
[1] "[BMRC] Warning: The BMRC Rprofile has been de-activated because R is running inside a singularity container."
Loading required package: optparse
R version 3.6.3 (2020-02-29)
Platform: x86_64-pc-linux-gnu (64-bit)
Running under: Ubuntu 20.04.4 LTS

Matrix products: default
BLAS:   /usr/lib/x86_64-linux-gnu/openblas-pthread/libblas.so.3
LAPACK: /usr/lib/x86_64-linux-gnu/openblas-pthread/liblapack.so.3

locale:
 [1] LC_CTYPE=C.UTF-8       LC_NUMERIC=C           LC_TIME=C.UTF-8       
 [4] LC_COLLATE=C.UTF-8     LC_MONETARY=C.UTF-8    LC_MESSAGES=C.UTF-8   
 [7] LC_PAPER=C.UTF-8       LC_NAME=C              LC_ADDRESS=C          
[10] LC_TELEPHONE=C         LC_MEASUREMENT=C.UTF-8 LC_IDENTIFICATION=C   

attached base packages:
[1] stats     graphics  grDevices utils     datasets  methods   base     

other attached packages:
[1] optparse_1.7.3 SAIGE_1.1.6.3 

loaded via a namespace (and not attached):
[1] compiler_3.6.3     Matrix_1.5-3       Rcpp_1.0.7         getopt_1.20.3     
[5] grid_3.6.3         data.table_1.12.8  RcppParallel_5.1.7 lattice_0.20-40   
$plinkFile
[1] "merged_chr6_filtered_cauc_sex"

$bedFile
[1] ""

$bimFile
[1] ""

$famFile
[1] ""

$phenoFile
[1] "cov_pheno.tsv"

$phenoCol
[1] "asthma_pheno"

$traitType
[1] "binary"

$invNormalize
[1] FALSE

$covarColList
[1] "sex,baseline_age"

$qCovarColList
[1] ""

$sampleIDColinphenoFile
[1] "IID"

$tol
[1] 0.02

$maxiter
[1] 20

$tolPCG
[1] 1e-05

$maxiterPCG
[1] 500

$nThreads
[1] 9

$SPAcutoff
[1] 2

$numRandomMarkerforVarianceRatio
[1] 30

$skipModelFitting
[1] FALSE

$skipVarianceRatioEstimation
[1] FALSE

$memoryChunk
[1] 2

$tauInit
[1] "0,0"

$LOCO
[1] FALSE

$isLowMemLOCO
[1] FALSE

$traceCVcutoff
[1] 0.0025

$nrun
[1] 30

$ratioCVcutoff
[1] 0.001

$outputPrefix
[1] "UKB_asthma_saige_out"

$outputPrefix_varRatio
[1] ""

$IsOverwriteVarianceRatioFile
[1] TRUE

$sparseGRMFile
[1] ""

$sparseGRMSampleIDFile
[1] ""

$isCateVarianceRatio
[1] FALSE

$relatednessCutoff
[1] 0

$cateVarRatioMinMACVecExclude
[1] "10,20.5"

$cateVarRatioMaxMACVecInclude
[1] "20.5"

$isCovariateTransform
[1] TRUE

$isDiagofKinSetAsOne
[1] FALSE

$useSparseGRMtoFitNULL
[1] FALSE

$useSparseGRMforVarRatio
[1] FALSE

$minMAFforGRM
[1] 0.01

$maxMissingRateforGRM
[1] 0.15

$minCovariateCount
[1] -1

$includeNonautoMarkersforVarRatio
[1] FALSE

$FemaleOnly
[1] FALSE

$MaleOnly
[1] FALSE

$sexCol
[1] ""

$FemaleCode
[1] "1"

$MaleCode
[1] "0"

$isCovariateOffset
[1] TRUE

$SampleIDIncludeFile
[1] ""

$help
[1] FALSE

tauInit  is  0 0 
cateVarRatioMinMACVecExclude  is  10 20.5 
cateVarRatioMaxMACVecInclude  is  20.5 
9  threads will be used  
409627  samples have genotypes
Error in fitNULLGLMM(plinkFile = opt$plinkFile, bedFile = opt$bedFile,  : 
  ERROR! column for baseline_age does not exist in the phenoFile 
Execution halted
