INFO:    Environment variable SINGULARITYENV_TMP is set, but APPTAINERENV_TMP is preferred
INFO:    Environment variable SINGULARITYENV_TMPDIR is set, but APPTAINERENV_TMPDIR is preferred
INFO:    Environment variable SINGULARITYENV_NXF_DEBUG is set, but APPTAINERENV_NXF_DEBUG is preferred
[1] "[BMRC] Warning: The BMRC Rprofile has been de-activated because R is running inside a singularity container."
Loading required package: optparse
R version 3.6.3 (2020-02-29)
Platform: x86_64-pc-linux-gnu (64-bit)
Running under: Ubuntu 20.04.4 LTS

Matrix products: default
BLAS:   /usr/lib/x86_64-linux-gnu/openblas-pthread/libblas.so.3
LAPACK: /usr/lib/x86_64-linux-gnu/openblas-pthread/liblapack.so.3

locale:
 [1] LC_CTYPE=C.UTF-8       LC_NUMERIC=C           LC_TIME=C.UTF-8       
 [4] LC_COLLATE=C.UTF-8     LC_MONETARY=C.UTF-8    LC_MESSAGES=C.UTF-8   
 [7] LC_PAPER=C.UTF-8       LC_NAME=C              LC_ADDRESS=C          
[10] LC_TELEPHONE=C         LC_MEASUREMENT=C.UTF-8 LC_IDENTIFICATION=C   

attached base packages:
[1] stats     graphics  grDevices utils     datasets  methods   base     

other attached packages:
[1] optparse_1.7.3 SAIGE_1.1.6.3 

loaded via a namespace (and not attached):
[1] compiler_3.6.3     Matrix_1.5-3       Rcpp_1.0.7         getopt_1.20.3     
[5] grid_3.6.3         data.table_1.12.8  RcppParallel_5.1.7 lattice_0.20-40   
$plinkFile
[1] "merged_chr6_filtered_cauc_sex"

$bedFile
[1] ""

$bimFile
[1] ""

$famFile
[1] ""

$phenoFile
[1] "cov_pheno.tsv"

$phenoCol
[1] "asthma_pheno"

$traitType
[1] "binary"

$invNormalize
[1] FALSE

$covarColList
[1] "sex,age,age_squared,age_sex"

$qCovarColList
[1] ""

$sampleIDColinphenoFile
[1] "IID"

$tol
[1] 0.02

$maxiter
[1] 20

$tolPCG
[1] 1e-05

$maxiterPCG
[1] 500

$nThreads
[1] 9

$SPAcutoff
[1] 2

$numRandomMarkerforVarianceRatio
[1] 30

$skipModelFitting
[1] FALSE

$skipVarianceRatioEstimation
[1] FALSE

$memoryChunk
[1] 2

$tauInit
[1] "0,0"

$LOCO
[1] FALSE

$isLowMemLOCO
[1] FALSE

$traceCVcutoff
[1] 0.0025

$nrun
[1] 30

$ratioCVcutoff
[1] 0.001

$outputPrefix
[1] "UKB_asthma_saige_out"

$outputPrefix_varRatio
[1] ""

$IsOverwriteVarianceRatioFile
[1] TRUE

$sparseGRMFile
[1] ""

$sparseGRMSampleIDFile
[1] ""

$isCateVarianceRatio
[1] FALSE

$relatednessCutoff
[1] 0

$cateVarRatioMinMACVecExclude
[1] "10,20.5"

$cateVarRatioMaxMACVecInclude
[1] "20.5"

$isCovariateTransform
[1] TRUE

$isDiagofKinSetAsOne
[1] FALSE

$useSparseGRMtoFitNULL
[1] FALSE

$useSparseGRMforVarRatio
[1] FALSE

$minMAFforGRM
[1] 0.01

$maxMissingRateforGRM
[1] 0.15

$minCovariateCount
[1] -1

$includeNonautoMarkersforVarRatio
[1] FALSE

$FemaleOnly
[1] FALSE

$MaleOnly
[1] FALSE

$sexCol
[1] ""

$FemaleCode
[1] "1"

$MaleCode
[1] "0"

$isCovariateOffset
[1] TRUE

$SampleIDIncludeFile
[1] ""

$help
[1] FALSE

tauInit  is  0 0 
cateVarRatioMinMACVecExclude  is  10 20.5 
cateVarRatioMaxMACVecInclude  is  20.5 
9  threads will be used  
409627  samples have genotypes
formula is  asthma_pheno~sex+age+age_squared+age_sex 
103282  samples have non-missing phenotypes
306345  samples in geno file do not have phenotypes
103282  samples will be used for analysis
                  IID X.Intercept. sex age age_squared age_sex asthma_pheno
89831 5361572_5361572            1   1  56        3136      56            0
32514 2576026_2576026            1   2  61        3721     122            1
39173 2904663_2904663            1   2  66        4356     132            0
28901 2398274_2398274            1   2  80        6400     160            0
81720 4969204_4969204            1   2  71        5041     142            0
2130  1103118_1103118            1   1  67        4489      67            0
      IndexPheno IndexGeno
89831          1         1
32514          2         2
39173          3         3
28901          4         4
81720          5         5
2130           6         9
qr transformation has been performed on covariates
colnames(data.new) is  asthma_pheno minus1 sex age age_squared age_sex 
out.transform$Param.transform$qrr:  5 5 
[1] "isCovariateOffset=TRUE, so fixed effects coefficients won't be estimated."
geno.g_minMACVarRatio 20
geno.g_maxMACVarRatio -1
Markers in the Plink file with MAF <  0.01  will be removed before constructing GRM
Markers in the Plink file with missing rate >  0.15  will be removed before constructing GRM
asthma_pheno  is a binary trait
[1] "formula.new"
asthma_pheno ~ 1
<environment: 0x560604c19cd8>
[1] "head(data.new)"
      asthma_pheno minus1        sex         age age_squared     age_sex
89831            0     -1  1.1096573 -2.10291596  -2.1988282  2.44379206
32514            1     -1 -0.9011792 -1.27035288  -0.3693408 -1.14027512
39173            0     -1 -0.9011792 -0.60913734   0.7055197 -0.60246866
28901            0     -1 -0.9011792  1.24226615  -0.7642889  1.18609466
81720            0     -1 -0.9011792  0.05207819   0.9383843 -0.01152212
2130             0     -1  1.1096573 -0.64824178   0.9068211  0.65331058
        covoffset
89831  0.35887443
32514  0.23332959
39173  0.13324402
28901 -0.11587661
81720  0.03900788
2130   0.05462570
glm:

Call:  glm(formula = formula.new, family = binomial, data = data.new, 
    offset = covoffset)

Coefficients:
(Intercept)  
     -1.944  

Degrees of Freedom: 103281 Total (i.e. Null);  103281 Residual
Null Deviance:	    78080 
Residual Deviance: 78080 	AIC: 78080
Start fitting the NULL GLMM
   user  system elapsed 
  8.169   0.782   8.946 
   user  system elapsed 
  8.384   0.782   9.161 
[1] "Start reading genotype plink file here"
nbyte: 102407
nbyte: 25821
reserve: 495672480

M: 19195, N: 409627
setgeno mark1
setgeno mark2
18005 markers with MAF >= 0.01 and missing rate <= 0.15
time: 97061.2
[1] "Genotype reading is done"
inital tau is  1 0.1 
iter from getPCG1ofSigmaAndVector 42
iter from getPCG1ofSigmaAndVector 32
Tau:
[1] 1.0 0.1
Fixed-effect coefficients:
         [,1]
[1,] -1.94363
iter from getPCG1ofSigmaAndVector 37
iter from getPCG1ofSigmaAndVector 37
iter from getPCG1ofSigmaAndVector 39
iter from getPCG1ofSigmaAndVector 37
iter from getPCG1ofSigmaAndVector 37
iter from getPCG1ofSigmaAndVector 37
iter from getPCG1ofSigmaAndVector 37
iter from getPCG1ofSigmaAndVector 38
iter from getPCG1ofSigmaAndVector 37
iter from getPCG1ofSigmaAndVector 37
iter from getPCG1ofSigmaAndVector 38
iter from getPCG1ofSigmaAndVector 37
iter from getPCG1ofSigmaAndVector 37
iter from getPCG1ofSigmaAndVector 36
iter from getPCG1ofSigmaAndVector 36
iter from getPCG1ofSigmaAndVector 39
iter from getPCG1ofSigmaAndVector 38
iter from getPCG1ofSigmaAndVector 37
iter from getPCG1ofSigmaAndVector 36
iter from getPCG1ofSigmaAndVector 37
iter from getPCG1ofSigmaAndVector 38
iter from getPCG1ofSigmaAndVector 38
iter from getPCG1ofSigmaAndVector 39
iter from getPCG1ofSigmaAndVector 36
iter from getPCG1ofSigmaAndVector 37
iter from getPCG1ofSigmaAndVector 37
iter from getPCG1ofSigmaAndVector 37
iter from getPCG1ofSigmaAndVector 36
iter from getPCG1ofSigmaAndVector 37
iter from getPCG1ofSigmaAndVector 38
iter from getPCG1ofSigmaAndVector 44
Variance component estimates:
[1] 1.00000000 0.09993296

Iteration  1 1 0.09993296 :
tau0_v1:  1 0.09993296 
iter from getPCG1ofSigmaAndVector 42
iter from getPCG1ofSigmaAndVector 31
Tau:
[1] 1.00000000 0.09993296
Fixed-effect coefficients:
          [,1]
[1,] -1.943631
Updating fix effect coeffcieints took
   user  system elapsed 
341.392   1.831  38.406 
iter from getPCG1ofSigmaAndVector 37
iter from getPCG1ofSigmaAndVector 38
iter from getPCG1ofSigmaAndVector 38
iter from getPCG1ofSigmaAndVector 37
iter from getPCG1ofSigmaAndVector 39
iter from getPCG1ofSigmaAndVector 37
iter from getPCG1ofSigmaAndVector 36
iter from getPCG1ofSigmaAndVector 37
iter from getPCG1ofSigmaAndVector 38
iter from getPCG1ofSigmaAndVector 38
iter from getPCG1ofSigmaAndVector 39
iter from getPCG1ofSigmaAndVector 37
iter from getPCG1ofSigmaAndVector 36
iter from getPCG1ofSigmaAndVector 36
iter from getPCG1ofSigmaAndVector 36
iter from getPCG1ofSigmaAndVector 39
iter from getPCG1ofSigmaAndVector 38
iter from getPCG1ofSigmaAndVector 36
iter from getPCG1ofSigmaAndVector 37
iter from getPCG1ofSigmaAndVector 36
iter from getPCG1ofSigmaAndVector 36
iter from getPCG1ofSigmaAndVector 38
iter from getPCG1ofSigmaAndVector 36
iter from getPCG1ofSigmaAndVector 36
iter from getPCG1ofSigmaAndVector 38
iter from getPCG1ofSigmaAndVector 37
iter from getPCG1ofSigmaAndVector 37
iter from getPCG1ofSigmaAndVector 39
iter from getPCG1ofSigmaAndVector 38
iter from getPCG1ofSigmaAndVector 37
iter from getPCG1ofSigmaAndVector 44
Updating variance component estimate took
    user   system  elapsed 
5599.289   37.913  635.609 
[1] 0.0000000 0.8332402
tau:  1 0 
tau0:  1 0.09993296 

Final  1 0 :
iter from getPCG1ofSigmaAndVector 1
iter from getPCG1ofSigmaAndVector 1
Tau:
[1] 1 0
Fixed-effect coefficients:
         [,1]
[1,] -1.93185
t_end_null - t_begin, fitting the NULL model without LOCO took
     user    system   elapsed 
11970.212    80.435  1446.854 
     user    system   elapsed 
11980.234    81.245  1457.686 
t_end - t_begin, fitting the NULL model took
     user    system   elapsed 
11972.065    80.463  1448.740 
Start estimating variance ratios

Family: binomial 
Link function: logit 

iter from getPCG1ofSigmaAndVector 1
iter from getPCG1ofSigmaAndVector 1
iter from getPCG1ofSigmaAndVector 1
iter from getPCG1ofSigmaAndVector 1
iter from getPCG1ofSigmaAndVector 1
length(MACvector):  18005 
length(MACvector_forVarRatio):  973 
Only one variance ratio will be estimated using randomly selected markers with MAC >= 20
84 th marker in geno  1 
MAC:  47127 
G0 0 2 0 2 0 1 0 2 1 2 
CHR  6 
iter from getPCG1ofSigmaAndVector 1
26 th marker in geno  1 
MAC:  16845 
G0 1 0 0 0 0 1 1 0 0 0 
CHR  6 
iter from getPCG1ofSigmaAndVector 1
577 th marker in geno  1 
MAC:  38285 
G0 1 0 0 0 0 0 1 0 0 0 
CHR  6 
iter from getPCG1ofSigmaAndVector 1
228 th marker in geno  1 
MAC:  28409 
G0 0 1 0 1 0 1 0 0 1 1 
CHR  6 
iter from getPCG1ofSigmaAndVector 1
82 th marker in geno  1 
MAC:  34553 
G0 2 2 2 2 2 2 2 2 2 2 
CHR  6 
iter from getPCG1ofSigmaAndVector 1
542 th marker in geno  1 
MAC:  39870 
G0 0 0 1 0 0 0 1 1 0 1 
CHR  6 
iter from getPCG1ofSigmaAndVector 1
869 th marker in geno  1 
MAC:  89236 
G0 2 0 1 1 1 1 0 1 1 2 
CHR  6 
iter from getPCG1ofSigmaAndVector 1
456 th marker in geno  1 
MAC:  9090 
G0 0 0 0 0 0 0 0 0 0 0 
CHR  6 
iter from getPCG1ofSigmaAndVector 1
247 th marker in geno  1 
MAC:  8064 
G0 0 0 0 0 0 0 0 0 0 1 
CHR  6 
iter from getPCG1ofSigmaAndVector 1
453 th marker in geno  1 
MAC:  53922 
G0 1 2 2 1 2 2 2 2 1 2 
CHR  6 
iter from getPCG1ofSigmaAndVector 1
520 th marker in geno  1 
MAC:  3935 
G0 0 0 0 0 0 0 0 0 1 0 
CHR  6 
iter from getPCG1ofSigmaAndVector 1
809 th marker in geno  1 
MAC:  97390 
G0 2 0 1 1 2 1 1 1 1 1 
CHR  6 
iter from getPCG1ofSigmaAndVector 1
706 th marker in geno  1 
MAC:  42574 
G0 0 2 1 1 1 1 2 1 1 2 
CHR  6 
iter from getPCG1ofSigmaAndVector 1
593 th marker in geno  1 
MAC:  38170 
G0 0 1 0 0 0 0 0 1 0 2 
CHR  6 
iter from getPCG1ofSigmaAndVector 1
329 th marker in geno  1 
MAC:  6139 
G0 0 0 0 0 0 0 0 0 0 0 
CHR  6 
iter from getPCG1ofSigmaAndVector 1
382 th marker in geno  1 
MAC:  54362 
G0 0 2 1 1 1 1 1 2 0 1 
CHR  6 
iter from getPCG1ofSigmaAndVector 1
836 th marker in geno  1 
MAC:  50998 
G0 2 0 1 1 1 2 2 2 1 2 
CHR  6 
iter from getPCG1ofSigmaAndVector 1
786 th marker in geno  1 
MAC:  4263 
G0 0 0 0 0 0 0 0 0 0 1 
CHR  6 
iter from getPCG1ofSigmaAndVector 1
672 th marker in geno  1 
MAC:  49187 
G0 2 1 2 2 2 2 2 2 2 1 
CHR  6 
iter from getPCG1ofSigmaAndVector 1
540 th marker in geno  1 
MAC:  78460 
G0 0 1 1 0 0 0 1 1 0 2 
CHR  6 
iter from getPCG1ofSigmaAndVector 1
246 th marker in geno  1 
MAC:  14039 
G0 0 0 0 0 0 0 0 0 0 0 
CHR  6 
iter from getPCG1ofSigmaAndVector 1
515 th marker in geno  1 
MAC:  6311 
G0 0 0 0 0 0 0 0 0 0 0 
CHR  6 
iter from getPCG1ofSigmaAndVector 1
964 th marker in geno  1 
MAC:  14763 
G0 0 0 0 0 0 0 0 0 0 0 
CHR  6 
iter from getPCG1ofSigmaAndVector 1
245 th marker in geno  1 
MAC:  44073 
G0 0 0 1 0 1 0 0 0 0 0 
CHR  6 
iter from getPCG1ofSigmaAndVector 1
391 th marker in geno  1 
MAC:  3682 
G0 0 0 0 0 0 0 0 0 0 0 
CHR  6 
iter from getPCG1ofSigmaAndVector 1
418 th marker in geno  1 
MAC:  57701 
G0 1 0 0 0 1 0 1 0 1 1 
CHR  6 
iter from getPCG1ofSigmaAndVector 1
541 th marker in geno  1 
MAC:  2478 
G0 0 0 0 0 0 0 0 0 0 0 
CHR  6 
iter from getPCG1ofSigmaAndVector 1
478 th marker in geno  1 
MAC:  22177 
G0 0 0 1 0 0 0 1 0 1 0 
CHR  6 
iter from getPCG1ofSigmaAndVector 1
709 th marker in geno  1 
MAC:  49158 
G0 2 1 2 2 2 2 2 2 2 1 
CHR  6 
iter from getPCG1ofSigmaAndVector 1
587 th marker in geno  1 
MAC:  12436 
G0 0 0 0 0 0 0 0 1 0 0 
CHR  6 
iter from getPCG1ofSigmaAndVector 1
CV for variance ratio estimate using  30  markers is  1.656826e-09  <  0.001 
varRatio_null 1 
  V1   V2 V3
1  1 null  1
closed the plinkFile!
